  MemoryManager.cpp
  Scene.cpp
E:\University\LowLevel\RayTracerFramework\RayTracerSmall\Spheres.h(23,1): warning C4005: 'INFINITY': macro redefinition
C:\Program Files (x86)\Windows Kits\10\Include\10.0.18362.0\ucrt\corecrt_math.h(90): message : see previous definition of 'INFINITY'
E:\University\LowLevel\RayTracerFramework\RayTracerSmall\Scene.cpp(8,81): warning C4305: 'argument': truncation from 'double' to 'T'
          with
          [
              T=float
          ]
E:\University\LowLevel\RayTracerFramework\RayTracerSmall\Scene.cpp(9,72): warning C4305: 'argument': truncation from 'double' to 'T'
          with
          [
              T=float
          ]
E:\University\LowLevel\RayTracerFramework\RayTracerSmall\Scene.cpp(10,73): warning C4305: 'argument': truncation from 'double' to 'T'
          with
          [
              T=float
          ]
E:\University\LowLevel\RayTracerFramework\RayTracerSmall\Scene.cpp(11,72): warning C4305: 'argument': truncation from 'double' to 'T'
          with
          [
              T=float
          ]
E:\University\LowLevel\RayTracerFramework\RayTracerSmall\Scene.cpp(27,83): warning C4305: 'argument': truncation from 'double' to 'T'
          with
          [
              T=float
          ]
E:\University\LowLevel\RayTracerFramework\RayTracerSmall\Scene.cpp(28,74): warning C4305: 'argument': truncation from 'double' to 'T'
          with
          [
              T=float
          ]
E:\University\LowLevel\RayTracerFramework\RayTracerSmall\Scene.cpp(29,75): warning C4305: 'argument': truncation from 'double' to 'T'
          with
          [
              T=float
          ]
E:\University\LowLevel\RayTracerFramework\RayTracerSmall\Scene.cpp(30,74): warning C4305: 'argument': truncation from 'double' to 'T'
          with
          [
              T=float
          ]
E:\University\LowLevel\RayTracerFramework\RayTracerSmall\Scene.cpp(35,83): warning C4305: 'argument': truncation from 'double' to 'T'
          with
          [
              T=float
          ]
E:\University\LowLevel\RayTracerFramework\RayTracerSmall\Scene.cpp(36,74): warning C4305: 'argument': truncation from 'double' to 'T'
          with
          [
              T=float
          ]
E:\University\LowLevel\RayTracerFramework\RayTracerSmall\Scene.cpp(37,75): warning C4305: 'argument': truncation from 'double' to 'T'
          with
          [
              T=float
          ]
E:\University\LowLevel\RayTracerFramework\RayTracerSmall\Scene.cpp(38,74): warning C4305: 'argument': truncation from 'double' to 'T'
          with
          [
              T=float
          ]
E:\University\LowLevel\RayTracerFramework\RayTracerSmall\Scene.cpp(42,83): warning C4305: 'argument': truncation from 'double' to 'T'
          with
          [
              T=float
          ]
E:\University\LowLevel\RayTracerFramework\RayTracerSmall\Scene.cpp(43,74): warning C4305: 'argument': truncation from 'double' to 'T'
          with
          [
              T=float
          ]
E:\University\LowLevel\RayTracerFramework\RayTracerSmall\Scene.cpp(44,75): warning C4305: 'argument': truncation from 'double' to 'T'
          with
          [
              T=float
          ]
E:\University\LowLevel\RayTracerFramework\RayTracerSmall\Scene.cpp(45,74): warning C4305: 'argument': truncation from 'double' to 'T'
          with
          [
              T=float
          ]
E:\University\LowLevel\RayTracerFramework\RayTracerSmall\Scene.cpp(49,83): warning C4305: 'argument': truncation from 'double' to 'T'
          with
          [
              T=float
          ]
E:\University\LowLevel\RayTracerFramework\RayTracerSmall\Scene.cpp(50,74): warning C4305: 'argument': truncation from 'double' to 'T'
          with
          [
              T=float
          ]
E:\University\LowLevel\RayTracerFramework\RayTracerSmall\Scene.cpp(51,75): warning C4305: 'argument': truncation from 'double' to 'T'
          with
          [
              T=float
          ]
E:\University\LowLevel\RayTracerFramework\RayTracerSmall\Scene.cpp(52,74): warning C4305: 'argument': truncation from 'double' to 'T'
          with
          [
              T=float
          ]
E:\University\LowLevel\RayTracerFramework\RayTracerSmall\Scene.cpp(68,82): warning C4305: 'argument': truncation from 'double' to 'T'
          with
          [
              T=float
          ]
E:\University\LowLevel\RayTracerFramework\RayTracerSmall\Scene.cpp(69,79): warning C4305: 'argument': truncation from 'double' to 'T'
          with
          [
              T=float
          ]
E:\University\LowLevel\RayTracerFramework\RayTracerSmall\Scene.cpp(70,74): warning C4305: 'argument': truncation from 'double' to 'T'
          with
          [
              T=float
          ]
E:\University\LowLevel\RayTracerFramework\RayTracerSmall\Scene.cpp(71,73): warning C4305: 'argument': truncation from 'double' to 'T'
          with
          [
              T=float
          ]
E:\University\LowLevel\RayTracerFramework\RayTracerSmall\Scene.cpp(72,27): warning C4244: 'argument': conversion from 'float' to 'int', possible loss of data
E:\University\LowLevel\RayTracerFramework\RayTracerSmall\Scene.cpp(86,81): warning C4305: 'argument': truncation from 'double' to 'T'
          with
          [
              T=float
          ]
  Spheres.cpp
E:\University\LowLevel\RayTracerFramework\RayTracerSmall\Spheres.h(23,1): warning C4005: 'INFINITY': macro redefinition
C:\Program Files (x86)\Windows Kits\10\Include\10.0.18362.0\ucrt\corecrt_math.h(90): message : see previous definition of 'INFINITY'
E:\University\LowLevel\RayTracerFramework\RayTracerSmall\Spheres.cpp(65,19): warning C4305: 'initializing': truncation from 'double' to 'float'
E:\University\LowLevel\RayTracerFramework\RayTracerSmall\Spheres.cpp(71,69): warning C4305: 'argument': truncation from 'double' to 'const float'
E:\University\LowLevel\RayTracerFramework\RayTracerSmall\Spheres.cpp(80,19): warning C4305: 'initializing': truncation from 'double' to 'float'
E:\University\LowLevel\RayTracerFramework\RayTracerSmall\Spheres.cpp(132,42): warning C4291: 'void *operator new(size_t,const char *,int)': no matching operator delete found; memory will not be freed if initialization throws an exception
E:\University\LowLevel\RayTracerFramework\RayTracerSmall\MemoryManager.h(6): message : see declaration of 'operator new'
E:\University\LowLevel\RayTracerFramework\RayTracerSmall\Spheres.cpp(135,14): warning C4244: 'initializing': conversion from 'double' to 'float', possible loss of data
E:\University\LowLevel\RayTracerFramework\RayTracerSmall\Spheres.cpp(139,13): warning C4244: 'initializing': conversion from 'double' to 'float', possible loss of data
E:\University\LowLevel\RayTracerFramework\RayTracerSmall\Spheres.cpp(140,13): warning C4244: 'initializing': conversion from 'double' to 'float', possible loss of data
  main.cpp
E:\University\LowLevel\RayTracerFramework\RayTracerSmall\Spheres.h(23,1): warning C4005: 'INFINITY': macro redefinition
C:\Program Files (x86)\Windows Kits\10\Include\10.0.18362.0\ucrt\corecrt_math.h(90): message : see previous definition of 'INFINITY'
  Generating Code...
  RayTracerSmall.vcxproj -> E:\University\LowLevel\RayTracerFramework\x64\Debug\RayTracerSmall.exe
