  Scene.cpp
E:\University\LowLevel\RayTracerFramework\RayTracerSmall\Spheres.h(23,1): warning C4005: 'INFINITY': macro redefinition
C:\Program Files (x86)\Windows Kits\10\Include\10.0.18362.0\ucrt\corecrt_math.h(90): message : see previous definition of 'INFINITY'
E:\University\LowLevel\RayTracerFramework\RayTracerSmall\Scene.cpp(8,72): warning C4305: 'argument': truncation from 'double' to 'T'
          with
          [
              T=float
          ]
E:\University\LowLevel\RayTracerFramework\RayTracerSmall\Scene.cpp(9,63): warning C4305: 'argument': truncation from 'double' to 'T'
          with
          [
              T=float
          ]
E:\University\LowLevel\RayTracerFramework\RayTracerSmall\Scene.cpp(10,64): warning C4305: 'argument': truncation from 'double' to 'T'
          with
          [
              T=float
          ]
E:\University\LowLevel\RayTracerFramework\RayTracerSmall\Scene.cpp(11,63): warning C4305: 'argument': truncation from 'double' to 'T'
          with
          [
              T=float
          ]
E:\University\LowLevel\RayTracerFramework\RayTracerSmall\Scene.cpp(27,74): warning C4305: 'argument': truncation from 'double' to 'T'
          with
          [
              T=float
          ]
E:\University\LowLevel\RayTracerFramework\RayTracerSmall\Scene.cpp(28,65): warning C4305: 'argument': truncation from 'double' to 'T'
          with
          [
              T=float
          ]
E:\University\LowLevel\RayTracerFramework\RayTracerSmall\Scene.cpp(29,66): warning C4305: 'argument': truncation from 'double' to 'T'
          with
          [
              T=float
          ]
E:\University\LowLevel\RayTracerFramework\RayTracerSmall\Scene.cpp(30,65): warning C4305: 'argument': truncation from 'double' to 'T'
          with
          [
              T=float
          ]
E:\University\LowLevel\RayTracerFramework\RayTracerSmall\Scene.cpp(35,74): warning C4305: 'argument': truncation from 'double' to 'T'
          with
          [
              T=float
          ]
E:\University\LowLevel\RayTracerFramework\RayTracerSmall\Scene.cpp(36,65): warning C4305: 'argument': truncation from 'double' to 'T'
          with
          [
              T=float
          ]
E:\University\LowLevel\RayTracerFramework\RayTracerSmall\Scene.cpp(37,66): warning C4305: 'argument': truncation from 'double' to 'T'
          with
          [
              T=float
          ]
E:\University\LowLevel\RayTracerFramework\RayTracerSmall\Scene.cpp(38,65): warning C4305: 'argument': truncation from 'double' to 'T'
          with
          [
              T=float
          ]
E:\University\LowLevel\RayTracerFramework\RayTracerSmall\Scene.cpp(42,74): warning C4305: 'argument': truncation from 'double' to 'T'
          with
          [
              T=float
          ]
E:\University\LowLevel\RayTracerFramework\RayTracerSmall\Scene.cpp(43,65): warning C4305: 'argument': truncation from 'double' to 'T'
          with
          [
              T=float
          ]
E:\University\LowLevel\RayTracerFramework\RayTracerSmall\Scene.cpp(44,66): warning C4305: 'argument': truncation from 'double' to 'T'
          with
          [
              T=float
          ]
E:\University\LowLevel\RayTracerFramework\RayTracerSmall\Scene.cpp(45,65): warning C4305: 'argument': truncation from 'double' to 'T'
          with
          [
              T=float
          ]
E:\University\LowLevel\RayTracerFramework\RayTracerSmall\Scene.cpp(49,74): warning C4305: 'argument': truncation from 'double' to 'T'
          with
          [
              T=float
          ]
E:\University\LowLevel\RayTracerFramework\RayTracerSmall\Scene.cpp(50,65): warning C4305: 'argument': truncation from 'double' to 'T'
          with
          [
              T=float
          ]
E:\University\LowLevel\RayTracerFramework\RayTracerSmall\Scene.cpp(51,66): warning C4305: 'argument': truncation from 'double' to 'T'
          with
          [
              T=float
          ]
E:\University\LowLevel\RayTracerFramework\RayTracerSmall\Scene.cpp(52,65): warning C4305: 'argument': truncation from 'double' to 'T'
          with
          [
              T=float
          ]
E:\University\LowLevel\RayTracerFramework\RayTracerSmall\Scene.cpp(68,73): warning C4305: 'argument': truncation from 'double' to 'T'
          with
          [
              T=float
          ]
E:\University\LowLevel\RayTracerFramework\RayTracerSmall\Scene.cpp(69,70): warning C4305: 'argument': truncation from 'double' to 'T'
          with
          [
              T=float
          ]
E:\University\LowLevel\RayTracerFramework\RayTracerSmall\Scene.cpp(70,65): warning C4305: 'argument': truncation from 'double' to 'T'
          with
          [
              T=float
          ]
E:\University\LowLevel\RayTracerFramework\RayTracerSmall\Scene.cpp(71,64): warning C4305: 'argument': truncation from 'double' to 'T'
          with
          [
              T=float
          ]
E:\University\LowLevel\RayTracerFramework\RayTracerSmall\Scene.cpp(72,16): warning C4244: 'argument': conversion from 'float' to 'int', possible loss of data
E:\University\LowLevel\RayTracerFramework\RayTracerSmall\Scene.cpp(86,72): warning C4305: 'argument': truncation from 'double' to 'T'
          with
          [
              T=float
          ]
E:\University\LowLevel\RayTracerFramework\RayTracerSmall\Scene.cpp(87,64): warning C4305: 'argument': truncation from 'double' to 'T'
          with
          [
              T=float
          ]
E:\University\LowLevel\RayTracerFramework\RayTracerSmall\Scene.cpp(88,63): warning C4305: 'argument': truncation from 'double' to 'T'
          with
          [
              T=float
          ]
E:\University\LowLevel\RayTracerFramework\RayTracerSmall\Scene.cpp(128,19): warning C4305: 'initializing': truncation from 'double' to 'float'
E:\University\LowLevel\RayTracerFramework\RayTracerSmall\Scene.cpp(134,69): warning C4305: 'argument': truncation from 'double' to 'const float'
E:\University\LowLevel\RayTracerFramework\RayTracerSmall\Scene.cpp(143,19): warning C4305: 'initializing': truncation from 'double' to 'float'
E:\University\LowLevel\RayTracerFramework\RayTracerSmall\Scene.cpp(195,42): warning C4291: 'void *operator new(size_t,const char *,int)': no matching operator delete found; memory will not be freed if initialization throws an exception
E:\University\LowLevel\RayTracerFramework\RayTracerSmall\MemoryManager.h(6): message : see declaration of 'operator new'
E:\University\LowLevel\RayTracerFramework\RayTracerSmall\Scene.cpp(198,14): warning C4244: 'initializing': conversion from 'double' to 'float', possible loss of data
E:\University\LowLevel\RayTracerFramework\RayTracerSmall\Scene.cpp(202,13): warning C4244: 'initializing': conversion from 'double' to 'float', possible loss of data
E:\University\LowLevel\RayTracerFramework\RayTracerSmall\Scene.cpp(203,13): warning C4244: 'initializing': conversion from 'double' to 'float', possible loss of data
E:\University\LowLevel\RayTracerFramework\RayTracerSmall\Scene.cpp(229,98): warning C4291: 'void *Sphere::operator new(size_t,const char *,int)': no matching operator delete found; memory will not be freed if initialization throws an exception
E:\University\LowLevel\RayTracerFramework\RayTracerSmall\Spheres.h(31): message : see declaration of 'Sphere::operator new'
E:\University\LowLevel\RayTracerFramework\RayTracerSmall\Scene.cpp(253,25): warning C4267: 'return': conversion from 'size_t' to 'int', possible loss of data
  Generating code
  8 of 315 functions ( 2.5%) were compiled, the rest were copied from previous compilation.
    0 functions were new in current compilation
    0 functions had inline decision re-evaluated but remain unchanged
  Finished generating code
  RayTracerSmall.vcxproj -> E:\University\LowLevel\RayTracerFramework\x64\Release\RayTracerSmall.exe
